c:\users\alina\downloads\csopesy-os-project-cd9e9129ae71b82d666bdfa25cf484055612535e\csopesy-os-project-cd9e9129ae71b82d666bdfa25cf484055612535e\csopesy os project\x64\debug\vc143.pdb
c:\users\alina\downloads\csopesy-os-project-cd9e9129ae71b82d666bdfa25cf484055612535e\csopesy-os-project-cd9e9129ae71b82d666bdfa25cf484055612535e\csopesy os project\x64\debug\vc143.idb
c:\users\alina\downloads\csopesy-os-project-cd9e9129ae71b82d666bdfa25cf484055612535e\csopesy-os-project-cd9e9129ae71b82d666bdfa25cf484055612535e\csopesy os project\x64\debug\screen.obj
c:\users\alina\downloads\csopesy-os-project-cd9e9129ae71b82d666bdfa25cf484055612535e\csopesy-os-project-cd9e9129ae71b82d666bdfa25cf484055612535e\csopesy os project\x64\debug\scheduler.obj
c:\users\alina\downloads\csopesy-os-project-cd9e9129ae71b82d666bdfa25cf484055612535e\csopesy-os-project-cd9e9129ae71b82d666bdfa25cf484055612535e\csopesy os project\x64\debug\printcommand.obj
c:\users\alina\downloads\csopesy-os-project-cd9e9129ae71b82d666bdfa25cf484055612535e\csopesy-os-project-cd9e9129ae71b82d666bdfa25cf484055612535e\csopesy os project\x64\debug\mainscreen.obj
c:\users\alina\downloads\csopesy-os-project-cd9e9129ae71b82d666bdfa25cf484055612535e\csopesy-os-project-cd9e9129ae71b82d666bdfa25cf484055612535e\csopesy os project\x64\debug\main.obj
c:\users\alina\downloads\csopesy-os-project-cd9e9129ae71b82d666bdfa25cf484055612535e\csopesy-os-project-cd9e9129ae71b82d666bdfa25cf484055612535e\csopesy os project\x64\debug\icommand.obj
c:\users\alina\downloads\csopesy-os-project-cd9e9129ae71b82d666bdfa25cf484055612535e\csopesy-os-project-cd9e9129ae71b82d666bdfa25cf484055612535e\csopesy os project\x64\debug\basescreen.obj
c:\users\alina\downloads\csopesy-os-project-cd9e9129ae71b82d666bdfa25cf484055612535e\csopesy-os-project-cd9e9129ae71b82d666bdfa25cf484055612535e\csopesy os project\x64\debug\consolemanager.obj
c:\users\alina\downloads\csopesy-os-project-cd9e9129ae71b82d666bdfa25cf484055612535e\csopesy-os-project-cd9e9129ae71b82d666bdfa25cf484055612535e\csopesy os project\x64\debug\inputmanager.obj
c:\users\alina\downloads\csopesy-os-project-cd9e9129ae71b82d666bdfa25cf484055612535e\csopesy-os-project-cd9e9129ae71b82d666bdfa25cf484055612535e\x64\debug\csopesy os project.exe
c:\users\alina\downloads\csopesy-os-project-cd9e9129ae71b82d666bdfa25cf484055612535e\csopesy-os-project-cd9e9129ae71b82d666bdfa25cf484055612535e\x64\debug\csopesy os project.pdb
c:\users\alina\downloads\csopesy-os-project-cd9e9129ae71b82d666bdfa25cf484055612535e\csopesy-os-project-cd9e9129ae71b82d666bdfa25cf484055612535e\csopesy os project\x64\debug\csopesy os project.ilk
c:\users\alina\downloads\csopesy-os-project-cd9e9129ae71b82d666bdfa25cf484055612535e\csopesy-os-project-cd9e9129ae71b82d666bdfa25cf484055612535e\csopesy os project\x64\debug\csopesy .a28e7fe5.tlog\cl.command.1.tlog
c:\users\alina\downloads\csopesy-os-project-cd9e9129ae71b82d666bdfa25cf484055612535e\csopesy-os-project-cd9e9129ae71b82d666bdfa25cf484055612535e\csopesy os project\x64\debug\csopesy .a28e7fe5.tlog\cl.items.tlog
c:\users\alina\downloads\csopesy-os-project-cd9e9129ae71b82d666bdfa25cf484055612535e\csopesy-os-project-cd9e9129ae71b82d666bdfa25cf484055612535e\csopesy os project\x64\debug\csopesy .a28e7fe5.tlog\cl.read.1.tlog
c:\users\alina\downloads\csopesy-os-project-cd9e9129ae71b82d666bdfa25cf484055612535e\csopesy-os-project-cd9e9129ae71b82d666bdfa25cf484055612535e\csopesy os project\x64\debug\csopesy .a28e7fe5.tlog\cl.write.1.tlog
c:\users\alina\downloads\csopesy-os-project-cd9e9129ae71b82d666bdfa25cf484055612535e\csopesy-os-project-cd9e9129ae71b82d666bdfa25cf484055612535e\csopesy os project\x64\debug\csopesy .a28e7fe5.tlog\link.command.1.tlog
c:\users\alina\downloads\csopesy-os-project-cd9e9129ae71b82d666bdfa25cf484055612535e\csopesy-os-project-cd9e9129ae71b82d666bdfa25cf484055612535e\csopesy os project\x64\debug\csopesy .a28e7fe5.tlog\link.read.1.tlog
c:\users\alina\downloads\csopesy-os-project-cd9e9129ae71b82d666bdfa25cf484055612535e\csopesy-os-project-cd9e9129ae71b82d666bdfa25cf484055612535e\csopesy os project\x64\debug\csopesy .a28e7fe5.tlog\link.secondary.1.tlog
c:\users\alina\downloads\csopesy-os-project-cd9e9129ae71b82d666bdfa25cf484055612535e\csopesy-os-project-cd9e9129ae71b82d666bdfa25cf484055612535e\csopesy os project\x64\debug\csopesy .a28e7fe5.tlog\link.write.1.tlog
